#
# There is insufficient memory for the Java Runtime Environment to continue.
# Native memory allocation (mmap) failed to map 134217728 bytes for Failed to commit area from 0x0000000081200000 to 0x0000000089200000 of length 134217728.
# Possible reasons:
#   The system is out of physical RAM or swap space
#   The process is running with CompressedOops enabled, and the Java Heap may be blocking the growth of the native heap
# Possible solutions:
#   Reduce memory load on the system
#   Increase physical memory or swap space
#   Check if swap backing store is full
#   Decrease Java heap size (-Xmx/-Xms)
#   Decrease number of Java threads
#   Decrease Java thread stack sizes (-Xss)
#   Set larger code cache with -XX:ReservedCodeCacheSize=
# This output file may be truncated or incomplete.
#
#  Out of Memory Error (./src/hotspot/os/windows/os_windows.cpp:3303), pid=14996, tid=20796
#
# JRE version:  (11.0.9+11) (build )
# Java VM: OpenJDK 64-Bit Server VM (11.0.9+11-b1145.21, mixed mode, sharing, tiered, compressed oops, g1 gc, windows-amd64)
# No core dump will be written. Minidumps are not enabled by default on client versions of Windows
#

---------------  S U M M A R Y ------------

Command Line: -Djava.rmi.server.hostname=127.0.0.1 -Duser.timezone=UTC -Djava.library.path=C:\Users\nikitasinys-AcerV5_w\AppData\Local\JetBrains\IntelliJIdea2020.3\jdbc-native-deps\SQL Server\8.2.2\sqlserver-win-auth\x64 -Xmx2030m -Xms128m -Dfile.encoding=UTF-8 com.intellij.database.remote.RemoteJdbcServer com.microsoft.sqlserver.jdbc.SQLServerDriver

Host: Intel(R) Core(TM) i5-6300HQ CPU @ 2.30GHz, 4 cores, 15G,  Windows 10 , 64 bit Build 18362 (10.0.18362.1110)
Time: Sun Dec 20 18:36:56 2020 Oeieyiaey (ceia) elapsed time: 0.030708 seconds (0d 0h 0m 0s)

---------------  T H R E A D  ---------------

Current thread (0x000001f213bbd000):  JavaThread "Unknown thread" [_thread_in_vm, id=20796, stack(0x000000c0ab600000,0x000000c0ab700000)]

Stack: [0x000000c0ab600000,0x000000c0ab700000]
Native frames: (J=compiled Java code, j=interpreted, Vv=VM code, C=native code)
V  [jvm.dll+0x5ed3ca]
V  [jvm.dll+0x722725]
V  [jvm.dll+0x723c7d]
V  [jvm.dll+0x724333]
V  [jvm.dll+0x242bd8]
V  [jvm.dll+0x5ea884]
V  [jvm.dll+0x5df995]
V  [jvm.dll+0x2fe13b]
V  [jvm.dll+0x2fe0aa]
V  [jvm.dll+0x2fdf82]
V  [jvm.dll+0x302e56]
V  [jvm.dll+0x34b583]
V  [jvm.dll+0x34bc86]
V  [jvm.dll+0x34b683]
V  [jvm.dll+0x2d8df8]
V  [jvm.dll+0x2d9f97]
V  [jvm.dll+0x701517]
V  [jvm.dll+0x702d0c]
V  [jvm.dll+0x358b39]
V  [jvm.dll+0x6e4f9e]
V  [jvm.dll+0x3c0db3]
V  [jvm.dll+0x3c2f61]
C  [jli.dll+0x5373]
C  [ucrtbase.dll+0x210b2]
C  [KERNEL32.DLL+0x17c24]
C  [ntdll.dll+0x6d4d1]


---------------  P R O C E S S  ---------------

Threads class SMR info:
_java_thread_list=0x000001f2139dae80, length=0, elements={
}

Java Threads: ( => current thread )

Other Threads:
  0x000001f213bd5800 GCTaskThread "GC Thread#0" [stack: 0x000000c0ab700000,0x000000c0ab800000] [id=4192]
  0x000001f213c0a000 ConcurrentGCThread "G1 Main Marker" [stack: 0x000000c0ab800000,0x000000c0ab900000] [id=15796]
  0x000001f213c0b800 ConcurrentGCThread "G1 Conc#0" [stack: 0x000000c0ab900000,0x000000c0aba00000] [id=17352]

[error occurred during error reporting (printing all threads), id 0xc0000005, EXCEPTION_ACCESS_VIOLATION (0xc0000005) at pc=0x00007ffc898f9397]

VM state:not at safepoint (not fully initialized)

VM Mutex/Monitor currently owned by a thread:  ([mutex/lock_event])
[0x000001f213bba6a0] Heap_lock - owner thread: 0x000001f213bbd000

Heap address: 0x0000000081200000, size: 2030 MB, Compressed Oops mode: Non-zero based: 0x0000000081200000
Narrow klass base: 0x0000000000000000, Narrow klass shift: 0

GC Heap History (0 events):
No events

Deoptimization events (0 events):
No events

Classes redefined (0 events):
No events

Internal exceptions (0 events):
No events

Events (1 events):
Event: 0.009 Loaded shared library S:\Program\IntelliJ IDEA 2020.3\jbr\bin\zip.dll


Dynamic libraries:
0x00007ff6d9960000 - 0x00007ff6d996a000 	S:\Program\IntelliJ IDEA 2020.3\jbr\bin\java.exe
0x00007ffce10c0000 - 0x00007ffce12b0000 	C:\WINDOWS\SYSTEM32\ntdll.dll
0x00007ffcdf490000 - 0x00007ffcdf542000 	C:\WINDOWS\System32\KERNEL32.DLL
0x00007ffcde7e0000 - 0x00007ffcdea85000 	C:\WINDOWS\System32\KERNELBASE.dll
0x00007ffcdee70000 - 0x00007ffcdef6a000 	C:\WINDOWS\System32\ucrtbase.dll
0x00007ffcc7830000 - 0x00007ffcc7849000 	S:\Program\IntelliJ IDEA 2020.3\jbr\bin\jli.dll
0x00007ffcc7810000 - 0x00007ffcc7827000 	S:\Program\IntelliJ IDEA 2020.3\jbr\bin\VCRUNTIME140.dll
0x00007ffce0cb0000 - 0x00007ffce0e44000 	C:\WINDOWS\System32\USER32.dll
0x00007ffcdeae0000 - 0x00007ffcdeb01000 	C:\WINDOWS\System32\win32u.dll
0x00007ffcc5a00000 - 0x00007ffcc5c84000 	C:\WINDOWS\WinSxS\amd64_microsoft.windows.common-controls_6595b64144ccf1df_6.0.18362.1256_none_9e7e379be45e40e2\COMCTL32.dll
0x00007ffcdf560000 - 0x00007ffcdf586000 	C:\WINDOWS\System32\GDI32.dll
0x00007ffce0b60000 - 0x00007ffce0bfe000 	C:\WINDOWS\System32\msvcrt.dll
0x00007ffcdefd0000 - 0x00007ffcdf166000 	C:\WINDOWS\System32\gdi32full.dll
0x00007ffcdf710000 - 0x00007ffcdfa46000 	C:\WINDOWS\System32\combase.dll
0x00007ffcdedd0000 - 0x00007ffcdee6e000 	C:\WINDOWS\System32\msvcp_win.dll
0x00007ffce0f60000 - 0x00007ffce1080000 	C:\WINDOWS\System32\RPCRT4.dll
0x00007ffcded40000 - 0x00007ffcdedc1000 	C:\WINDOWS\System32\bcryptPrimitives.dll
0x00007ffce0c00000 - 0x00007ffce0c2e000 	C:\WINDOWS\System32\IMM32.DLL
0x00007ffc96b40000 - 0x00007ffc96bdd000 	S:\Program\IntelliJ IDEA 2020.3\jbr\bin\msvcp140.dll
0x00007ffc89610000 - 0x00007ffc8a0de000 	S:\Program\IntelliJ IDEA 2020.3\jbr\bin\server\jvm.dll
0x00007ffcdf380000 - 0x00007ffcdf423000 	C:\WINDOWS\System32\ADVAPI32.dll
0x00007ffce0080000 - 0x00007ffce0117000 	C:\WINDOWS\System32\sechost.dll
0x00007ffcdf550000 - 0x00007ffcdf558000 	C:\WINDOWS\System32\PSAPI.DLL
0x00007ffcd2e00000 - 0x00007ffcd2e09000 	C:\WINDOWS\SYSTEM32\WSOCK32.dll
0x00007ffce0ef0000 - 0x00007ffce0f5f000 	C:\WINDOWS\System32\WS2_32.dll
0x00007ffcd4f40000 - 0x00007ffcd4f4a000 	C:\WINDOWS\SYSTEM32\VERSION.dll
0x00007ffcd3b90000 - 0x00007ffcd3bb4000 	C:\WINDOWS\SYSTEM32\WINMM.dll
0x00007ffcd3950000 - 0x00007ffcd397d000 	C:\WINDOWS\SYSTEM32\winmmbase.dll
0x00007ffcdea90000 - 0x00007ffcdeada000 	C:\WINDOWS\System32\cfgmgr32.dll
0x00007ffcddf70000 - 0x00007ffcddf81000 	C:\WINDOWS\System32\kernel.appcore.dll
0x00007ffcd5870000 - 0x00007ffcd5881000 	S:\Program\IntelliJ IDEA 2020.3\jbr\bin\verify.dll
0x00007ffcd69c0000 - 0x00007ffcd6bb4000 	C:\WINDOWS\SYSTEM32\DBGHELP.DLL
0x00007ffcd6880000 - 0x00007ffcd68aa000 	C:\WINDOWS\SYSTEM32\dbgcore.DLL
0x00007ffcac510000 - 0x00007ffcac539000 	S:\Program\IntelliJ IDEA 2020.3\jbr\bin\java.dll
0x00007ffcd7460000 - 0x00007ffcd746b000 	S:\Program\IntelliJ IDEA 2020.3\jbr\bin\jimage.dll
0x00007ffcd1d60000 - 0x00007ffcd1d78000 	S:\Program\IntelliJ IDEA 2020.3\jbr\bin\zip.dll

dbghelp: loaded successfully - version: 4.0.5 - missing functions: none
symbol engine: initialized successfully - sym options: 0x614 - pdb path: .;S:\Program\IntelliJ IDEA 2020.3\jbr\bin;C:\WINDOWS\SYSTEM32;C:\WINDOWS\WinSxS\amd64_microsoft.windows.common-controls_6595b64144ccf1df_6.0.18362.1256_none_9e7e379be45e40e2;S:\Program\IntelliJ IDEA 2020.3\jbr\bin\server

VM Arguments:
jvm_args: -Djava.rmi.server.hostname=127.0.0.1 -Duser.timezone=UTC -Djava.library.path=C:\Users\nikitasinys-AcerV5_w\AppData\Local\JetBrains\IntelliJIdea2020.3\jdbc-native-deps\SQL Server\8.2.2\sqlserver-win-auth\x64 -Xmx2030m -Xms128m -Dfile.encoding=UTF-8 
java_command: com.intellij.database.remote.RemoteJdbcServer com.microsoft.sqlserver.jdbc.SQLServerDriver
java_class_path (initial): S:\Program\IntelliJ IDEA 2020.3\lib\util.jar;S:\Program\IntelliJ IDEA 2020.3\lib\trove4j.jar;S:\Program\IntelliJ IDEA 2020.3\lib\groovy-2.5.11.jar;S:\Program\IntelliJ IDEA 2020.3\plugins\DatabaseTools\lib\jdbc-console.jar;C:\Users\nikitasinys-AcerV5_w\AppData\Roaming\JetBrains\IntelliJIdea2020.3\jdbc-drivers\SQL Server\8.2.2\mssql-jdbc-8.2.2.jre8.jar
Launcher Type: SUN_STANDARD

[Global flags]
     intx CICompilerCount                          = 3                                         {product} {ergonomic}
     uint ConcGCThreads                            = 1                                         {product} {ergonomic}
     uint G1ConcRefinementThreads                  = 4                                         {product} {ergonomic}
   size_t G1HeapRegionSize                         = 1048576                                   {product} {ergonomic}
    uintx GCDrainStackTargetSize                   = 64                                        {product} {ergonomic}
   size_t InitialHeapSize                          = 134217728                                 {product} {command line}
   size_t MarkStackSize                            = 4194304                                   {product} {ergonomic}
   size_t MaxHeapSize                              = 2128609280                                {product} {command line}
   size_t MinHeapDeltaBytes                        = 1048576                                   {product} {ergonomic}
    uintx NonNMethodCodeHeapSize                   = 5830732                                {pd product} {ergonomic}
    uintx NonProfiledCodeHeapSize                  = 122913754                              {pd product} {ergonomic}
    uintx ProfiledCodeHeapSize                     = 122913754                              {pd product} {ergonomic}
    uintx ReservedCodeCacheSize                    = 251658240                              {pd product} {ergonomic}
     bool SegmentedCodeCache                       = true                                      {product} {ergonomic}
     bool UseCompressedClassPointers               = true                                 {lp64_product} {ergonomic}
     bool UseCompressedOops                        = true                                 {lp64_product} {ergonomic}
     bool UseG1GC                                  = true                                      {product} {ergonomic}
     bool UseLargePagesIndividualAllocation        = false                                  {pd product} {ergonomic}

Logging:
Log output configuration:
 #0: stdout all=warning uptime,level,tags
 #1: stderr all=off uptime,level,tags

Environment Variables:
PATH=C:\Program Files (x86)\Common Files\Oracle\Java\javapath;C:\WINDOWS\system32;C:\WINDOWS;C:\WINDOWS\System32\Wbem;C:\WINDOWS\System32\WindowsPowerShell\v1.0\;C:\WINDOWS\System32\OpenSSH\;C:\Program Files\dotnet\;C:\Program Files (x86)\NVIDIA Corporation\PhysX\Common;C:\Program Files\NVIDIA Corporation\NVIDIA NvDLISR;C:\Program Files\MySQL\MySQL Utilities 1.6\;C:\Program Files\Microsoft SQL Server\130\Tools\Binn\;C:\Program Files\Common Files\Autodesk Shared\;C:\Program Files (x86)\Autodesk\Backburner\;E:\Program\Perl\c\bin;E:\Program\Perl\perl\site\bin;E:\Program\Perl\perl\bin;C:\Program Files\Microsoft SQL Server\Client SDK\ODBC\130\Tools\Binn\;C:\Program Files (x86)\Microsoft SQL Server\140\Tools\Binn\;C:\Program Files\Microsoft SQL Server\140\Tools\Binn\;C:\Program Files\Microsoft SQL Server\140\DTS\Binn\;C:\Program Files (x86)\Microsoft SQL Server\140\DTS\Binn\;C:\Program Files (x86)\Microsoft SQL Server\150\DTS\Binn\;C:\Program Files (x86)\Microsoft Visual Studio\Shared\Python36_64\Scripts\;C:\Program Files\Git\cmd;C:\WINDOWS\system32;C:\WINDOWS;C:\WINDOWS\System32\Wbem;C:\WINDOWS\System32\WindowsPowerShell\v1.0\;C:\WINDOWS\System32\OpenSSH\;C:\Program Files\Microsoft SQL Server\Client SDK\ODBC\170\Tools\Binn\;C:\Users\nikitasinys-AcerV5_w\AppData\Local\Microsoft\WindowsApps;C:\Users\nikitasinys-AcerV5_w\.dotnet\tools;C:\Users\nikitasinys-AcerV5_w\.dotnet\tools;C:\Users\nikitasinys-AcerV5_w\AppData\Local\JetBrains\IntelliJIdea2020.3\jdbc-native-deps\SQL Server\8.2.2\sqlserver-win-auth\x64
USERNAME=nikitasinys-AcerV5_w
OS=Windows_NT
PROCESSOR_IDENTIFIER=Intel64 Family 6 Model 94 Stepping 3, GenuineIntel



---------------  S Y S T E M  ---------------

OS: Windows 10 , 64 bit Build 18362 (10.0.18362.1110)
OS uptime: 8 days 23:46 hours

CPU:total 4 (initial active 4) (4 cores per cpu, 1 threads per core) family 6 model 94 stepping 3, cmov, cx8, fxsr, mmx, sse, sse2, sse3, ssse3, sse4.1, sse4.2, popcnt, avx, avx2, aes, clmul, erms, rtm, 3dnowpref, lzcnt, tsc, tscinvbit, bmi1, bmi2, adx, fma

Memory: 4k page, system-wide physical 16242M (4201M free)
TotalPageFile size 21106M (AvailPageFile size 12M)
current process WorkingSet (physical memory assigned to process): 9M, peak: 9M
current process commit charge ("private bytes"): 51M, peak: 179M

vm_info: OpenJDK 64-Bit Server VM (11.0.9+11-b1145.21) for windows-amd64 JRE (11.0.9+11-b1145.21), built on Nov 21 2020 14:37:09 by "" with MS VC++ 14.0 (VS2015)

END.
